<?xml version="1.0" encoding="UTF-8"?>
<!-- Generated by org.testng.reporters.JUnitXMLReporter -->
<testsuite ignored="0" hostname="LAPTOP-9U712G8R" failures="0" tests="4" name="Surefire test" time="41.701" errors="0" timestamp="2024-03-25T09:52:05 AEDT">
  <testcase classname="bigProject.tests.SubmitOrderTest" name="SubmitOrder" time="5.819"/>
  <testcase classname="bigProject.tests.SubmitOrderTest" name="SubmitOrder" time="5.78"/>
  <testcase classname="bigProject.tests.SubmitOrderTest" name="OrderHistoryTest" time="1.587"/>
  <testcase classname="bigProject.tests.SubmitOrderTest" name="OrderHistoryTest" time="1.713"/>
</testsuite> <!-- Surefire test -->
